<?xml version="1.0" encoding="UTF-8"?>
<!-- Generated by org.testng.reporters.JUnitXMLReporter -->
<testsuite ignored="0" hostname="Phan-Nhut" failures="0" tests="8" name="Default test" time="97.839" errors="0" timestamp="2025-10-24T00:25:24 ICT">
  <testcase classname="BCNKhoa.Testcase.TTCN_TC" name="testNhapMaGV" time="1.176"/>
  <testcase classname="BCNKhoa.Testcase.TTCN_TC" name="testNhapSDT" time="1.116"/>
  <testcase classname="BCNKhoa.Testcase.TTCN_TC" name="ChonGioiTinhNu_TC" time="2.145"/>
  <testcase classname="BCNKhoa.Testcase.TTCN_TC" name="ChonGioiTinhNam_TC" time="2.115"/>
  <testcase classname="BCNKhoa.Testcase.TTCN_TC" name="ChonNganh_TC" time="2.13"/>
  <testcase classname="BCNKhoa.Testcase.TTCN_TC" name="FullTT_TC" time="2.348"/>
  <testcase classname="BCNKhoa.Testcase.TTCN_TC" name="ErrorTT_TC" time="2.343"/>
  <testcase classname="BCNKhoa.Testcase.TTCN_TC" name="LostTT_TC" time="2.296"/>
</testsuite> <!-- Default test -->
