<?xml version="1.0" encoding="UTF-8"?>
<testng-results ignored="0" total="8" passed="8" failed="0" skipped="0">
  <reporter-output>
  </reporter-output>
  <suite started-at="2025-10-24T00:23:46 ICT" name="Default suite" finished-at="2025-10-24T00:25:24 ICT" duration-ms="97839">
    <groups>
    </groups>
    <test started-at="2025-10-24T00:23:46 ICT" name="Default test" finished-at="2025-10-24T00:25:24 ICT" duration-ms="97839">
      <class name="BCNKhoa.Testcase.TTCN_TC">
        <test-method is-config="true" signature="setup()[pri:0, instance:BCNKhoa.Testcase.TTCN_TC@1e81f160]" started-at="2025-10-24T00:23:46 ICT" name="setup" finished-at="2025-10-24T00:23:48 ICT" duration-ms="1417" status="PASS">
          <reporter-output>
          </reporter-output>
        </test-method> <!-- setup -->
        <test-method is-config="true" signature="classSetup()[pri:0, instance:BCNKhoa.Testcase.TTCN_TC@1e81f160]" started-at="2025-10-24T00:23:48 ICT" name="classSetup" finished-at="2025-10-24T00:24:16 ICT" duration-ms="28800" status="PASS">
          <reporter-output>
          </reporter-output>
        </test-method> <!-- classSetup -->
        <test-method is-config="true" signature="beforeEach()[pri:0, instance:BCNKhoa.Testcase.TTCN_TC@1e81f160]" started-at="2025-10-24T00:24:16 ICT" name="beforeEach" finished-at="2025-10-24T00:24:21 ICT" duration-ms="4601" status="PASS">
          <reporter-output>
          </reporter-output>
        </test-method> <!-- beforeEach -->
        <test-method signature="testNhapMaGV(java.lang.String,java.lang.String)[pri:1, instance:BCNKhoa.Testcase.TTCN_TC@1e81f160]" started-at="2025-10-24T00:24:21 ICT" name="testNhapMaGV" data-provider="DataTTCN" finished-at="2025-10-24T00:24:22 ICT" duration-ms="1176" status="PASS">
          <params>
            <param index="0">
              <value>
                <![CDATA[2274802010622222222222222222]]>
              </value>
            </param>
            <param index="1">
              <value>
                <![CDATA[ ]]>
              </value>
            </param>
          </params>
          <reporter-output>
          </reporter-output>
        </test-method> <!-- testNhapMaGV -->
        <test-method is-config="true" signature="afterEach()[pri:0, instance:BCNKhoa.Testcase.TTCN_TC@1e81f160]" started-at="2025-10-24T00:24:22 ICT" name="afterEach" finished-at="2025-10-24T00:24:28 ICT" duration-ms="6248" status="PASS">
          <reporter-output>
          </reporter-output>
        </test-method> <!-- afterEach -->
        <test-method is-config="true" signature="beforeEach()[pri:0, instance:BCNKhoa.Testcase.TTCN_TC@1e81f160]" started-at="2025-10-24T00:24:28 ICT" name="beforeEach" finished-at="2025-10-24T00:24:29 ICT" duration-ms="652" status="PASS">
          <reporter-output>
          </reporter-output>
        </test-method> <!-- beforeEach -->
        <test-method signature="testNhapSDT(java.lang.String,java.lang.String)[pri:2, instance:BCNKhoa.Testcase.TTCN_TC@1e81f160]" started-at="2025-10-24T00:24:29 ICT" name="testNhapSDT" data-provider="DataTTCN" finished-at="2025-10-24T00:24:30 ICT" depends-on-methods="BCNKhoa.Testcase.TTCN_TC.testNhapMaGV" duration-ms="1116" status="PASS">
          <params>
            <param index="0">
              <value>
                <![CDATA[2274802010622222222222222222]]>
              </value>
            </param>
            <param index="1">
              <value>
                <![CDATA[ ]]>
              </value>
            </param>
          </params>
          <reporter-output>
          </reporter-output>
        </test-method> <!-- testNhapSDT -->
        <test-method is-config="true" signature="afterEach()[pri:0, instance:BCNKhoa.Testcase.TTCN_TC@1e81f160]" started-at="2025-10-24T00:24:30 ICT" name="afterEach" finished-at="2025-10-24T00:24:37 ICT" duration-ms="6250" status="PASS">
          <reporter-output>
          </reporter-output>
        </test-method> <!-- afterEach -->
        <test-method is-config="true" signature="beforeEach()[pri:0, instance:BCNKhoa.Testcase.TTCN_TC@1e81f160]" started-at="2025-10-24T00:24:37 ICT" name="beforeEach" finished-at="2025-10-24T00:24:37 ICT" duration-ms="646" status="PASS">
          <reporter-output>
          </reporter-output>
        </test-method> <!-- beforeEach -->
        <test-method signature="ChonGioiTinhNu_TC()[pri:3, instance:BCNKhoa.Testcase.TTCN_TC@1e81f160]" started-at="2025-10-24T00:24:37 ICT" name="ChonGioiTinhNu_TC" finished-at="2025-10-24T00:24:39 ICT" duration-ms="2145" status="PASS">
          <reporter-output>
          </reporter-output>
        </test-method> <!-- ChonGioiTinhNu_TC -->
        <test-method is-config="true" signature="afterEach()[pri:0, instance:BCNKhoa.Testcase.TTCN_TC@1e81f160]" started-at="2025-10-24T00:24:39 ICT" name="afterEach" finished-at="2025-10-24T00:24:46 ICT" duration-ms="6229" status="PASS">
          <reporter-output>
          </reporter-output>
        </test-method> <!-- afterEach -->
        <test-method is-config="true" signature="beforeEach()[pri:0, instance:BCNKhoa.Testcase.TTCN_TC@1e81f160]" started-at="2025-10-24T00:24:46 ICT" name="beforeEach" finished-at="2025-10-24T00:24:46 ICT" duration-ms="646" status="PASS">
          <reporter-output>
          </reporter-output>
        </test-method> <!-- beforeEach -->
        <test-method signature="ChonGioiTinhNam_TC()[pri:4, instance:BCNKhoa.Testcase.TTCN_TC@1e81f160]" started-at="2025-10-24T00:24:46 ICT" name="ChonGioiTinhNam_TC" finished-at="2025-10-24T00:24:48 ICT" duration-ms="2115" status="PASS">
          <reporter-output>
          </reporter-output>
        </test-method> <!-- ChonGioiTinhNam_TC -->
        <test-method is-config="true" signature="afterEach()[pri:0, instance:BCNKhoa.Testcase.TTCN_TC@1e81f160]" started-at="2025-10-24T00:24:48 ICT" name="afterEach" finished-at="2025-10-24T00:24:55 ICT" duration-ms="6210" status="PASS">
          <reporter-output>
          </reporter-output>
        </test-method> <!-- afterEach -->
        <test-method is-config="true" signature="beforeEach()[pri:0, instance:BCNKhoa.Testcase.TTCN_TC@1e81f160]" started-at="2025-10-24T00:24:55 ICT" name="beforeEach" finished-at="2025-10-24T00:24:55 ICT" duration-ms="669" status="PASS">
          <reporter-output>
          </reporter-output>
        </test-method> <!-- beforeEach -->
        <test-method signature="ChonNganh_TC()[pri:5, instance:BCNKhoa.Testcase.TTCN_TC@1e81f160]" started-at="2025-10-24T00:24:55 ICT" name="ChonNganh_TC" finished-at="2025-10-24T00:24:57 ICT" duration-ms="2130" status="PASS">
          <reporter-output>
          </reporter-output>
        </test-method> <!-- ChonNganh_TC -->
        <test-method is-config="true" signature="afterEach()[pri:0, instance:BCNKhoa.Testcase.TTCN_TC@1e81f160]" started-at="2025-10-24T00:24:57 ICT" name="afterEach" finished-at="2025-10-24T00:25:04 ICT" duration-ms="6209" status="PASS">
          <reporter-output>
          </reporter-output>
        </test-method> <!-- afterEach -->
        <test-method is-config="true" signature="beforeEach()[pri:0, instance:BCNKhoa.Testcase.TTCN_TC@1e81f160]" started-at="2025-10-24T00:25:04 ICT" name="beforeEach" finished-at="2025-10-24T00:25:04 ICT" duration-ms="652" status="PASS">
          <reporter-output>
          </reporter-output>
        </test-method> <!-- beforeEach -->
        <test-method signature="FullTT_TC()[pri:6, instance:BCNKhoa.Testcase.TTCN_TC@1e81f160]" started-at="2025-10-24T00:25:04 ICT" name="FullTT_TC" finished-at="2025-10-24T00:25:07 ICT" duration-ms="2348" status="PASS">
          <reporter-output>
          </reporter-output>
        </test-method> <!-- FullTT_TC -->
        <test-method is-config="true" signature="afterEach()[pri:0, instance:BCNKhoa.Testcase.TTCN_TC@1e81f160]" started-at="2025-10-24T00:25:07 ICT" name="afterEach" finished-at="2025-10-24T00:25:13 ICT" duration-ms="6211" status="PASS">
          <reporter-output>
          </reporter-output>
        </test-method> <!-- afterEach -->
        <test-method is-config="true" signature="beforeEach()[pri:0, instance:BCNKhoa.Testcase.TTCN_TC@1e81f160]" started-at="2025-10-24T00:25:13 ICT" name="beforeEach" finished-at="2025-10-24T00:25:13 ICT" duration-ms="634" status="PASS">
          <reporter-output>
          </reporter-output>
        </test-method> <!-- beforeEach -->
        <test-method signature="ErrorTT_TC()[pri:7, instance:BCNKhoa.Testcase.TTCN_TC@1e81f160]" started-at="2025-10-24T00:25:13 ICT" name="ErrorTT_TC" finished-at="2025-10-24T00:25:16 ICT" duration-ms="2343" status="PASS">
          <reporter-output>
          </reporter-output>
        </test-method> <!-- ErrorTT_TC -->
        <test-method is-config="true" signature="afterEach()[pri:0, instance:BCNKhoa.Testcase.TTCN_TC@1e81f160]" started-at="2025-10-24T00:25:16 ICT" name="afterEach" finished-at="2025-10-24T00:25:18 ICT" duration-ms="2597" status="PASS">
          <reporter-output>
          </reporter-output>
        </test-method> <!-- afterEach -->
        <test-method is-config="true" signature="beforeEach()[pri:0, instance:BCNKhoa.Testcase.TTCN_TC@1e81f160]" started-at="2025-10-24T00:25:18 ICT" name="beforeEach" finished-at="2025-10-24T00:25:19 ICT" duration-ms="637" status="PASS">
          <reporter-output>
          </reporter-output>
        </test-method> <!-- beforeEach -->
        <test-method signature="LostTT_TC()[pri:8, instance:BCNKhoa.Testcase.TTCN_TC@1e81f160]" started-at="2025-10-24T00:25:19 ICT" name="LostTT_TC" finished-at="2025-10-24T00:25:21 ICT" duration-ms="2296" status="PASS">
          <reporter-output>
          </reporter-output>
        </test-method> <!-- LostTT_TC -->
        <test-method is-config="true" signature="afterEach()[pri:0, instance:BCNKhoa.Testcase.TTCN_TC@1e81f160]" started-at="2025-10-24T00:25:21 ICT" name="afterEach" finished-at="2025-10-24T00:25:24 ICT" duration-ms="2594" status="PASS">
          <reporter-output>
          </reporter-output>
        </test-method> <!-- afterEach -->
        <test-method is-config="true" signature="teardown()[pri:0, instance:BCNKhoa.Testcase.TTCN_TC@1e81f160]" started-at="2025-10-24T00:25:24 ICT" name="teardown" finished-at="2025-10-24T00:25:24 ICT" duration-ms="204" status="PASS">
          <reporter-output>
          </reporter-output>
        </test-method> <!-- teardown -->
      </class> <!-- BCNKhoa.Testcase.TTCN_TC -->
    </test> <!-- Default test -->
  </suite> <!-- Default suite -->
</testng-results>
